obj\Release\netstandard2.1\blazor\linker\Microsoft.AspNetCore.Blazor.HttpClient.dll
obj\Release\netstandard2.1\blazor\linker\Microsoft.AspNetCore.Components.dll
obj\Release\netstandard2.1\blazor\linker\Microsoft.AspNetCore.Components.Forms.dll
obj\Release\netstandard2.1\blazor\linker\Microsoft.AspNetCore.Components.Web.dll
obj\Release\netstandard2.1\blazor\linker\Microsoft.AspNetCore.Components.WebAssembly.dll
obj\Release\netstandard2.1\blazor\linker\Microsoft.AspNetCore.Http.Features.dll
obj\Release\netstandard2.1\blazor\linker\Microsoft.AspNetCore.SignalR.Core.dll
obj\Release\netstandard2.1\blazor\linker\Microsoft.Bcl.AsyncInterfaces.dll
obj\Release\netstandard2.1\blazor\linker\Microsoft.CSharp.dll
obj\Release\netstandard2.1\blazor\linker\Microsoft.Data.SqlClient.dll
obj\Release\netstandard2.1\blazor\linker\Microsoft.EntityFrameworkCore.Abstractions.dll
obj\Release\netstandard2.1\blazor\linker\Microsoft.EntityFrameworkCore.Design.dll
obj\Release\netstandard2.1\blazor\linker\Microsoft.EntityFrameworkCore.dll
obj\Release\netstandard2.1\blazor\linker\Microsoft.EntityFrameworkCore.Relational.dll
obj\Release\netstandard2.1\blazor\linker\Microsoft.EntityFrameworkCore.SqlServer.dll
obj\Release\netstandard2.1\blazor\linker\Microsoft.Extensions.Caching.Abstractions.dll
obj\Release\netstandard2.1\blazor\linker\Microsoft.Extensions.Caching.Memory.dll
obj\Release\netstandard2.1\blazor\linker\Microsoft.Extensions.Configuration.Abstractions.dll
obj\Release\netstandard2.1\blazor\linker\Microsoft.Extensions.Configuration.dll
obj\Release\netstandard2.1\blazor\linker\Microsoft.Extensions.Configuration.Json.dll
obj\Release\netstandard2.1\blazor\linker\Microsoft.Extensions.DependencyInjection.Abstractions.dll
obj\Release\netstandard2.1\blazor\linker\Microsoft.Extensions.DependencyInjection.dll
obj\Release\netstandard2.1\blazor\linker\Microsoft.Extensions.Logging.Abstractions.dll
obj\Release\netstandard2.1\blazor\linker\Microsoft.Extensions.Logging.dll
obj\Release\netstandard2.1\blazor\linker\Microsoft.Extensions.Options.dll
obj\Release\netstandard2.1\blazor\linker\Microsoft.Extensions.Primitives.dll
obj\Release\netstandard2.1\blazor\linker\Microsoft.Identity.Client.dll
obj\Release\netstandard2.1\blazor\linker\Microsoft.JSInterop.dll
obj\Release\netstandard2.1\blazor\linker\Microsoft.JSInterop.WebAssembly.dll
obj\Release\netstandard2.1\blazor\linker\Microsoft.Net.Http.Headers.dll
obj\Release\netstandard2.1\blazor\linker\Microsoft.Win32.Registry.dll
obj\Release\netstandard2.1\blazor\linker\Mono.Security.dll
obj\Release\netstandard2.1\blazor\linker\mscorlib.dll
obj\Release\netstandard2.1\blazor\linker\Newtonsoft.Json.dll
obj\Release\netstandard2.1\blazor\linker\PruebaCrud.Client.dll
obj\Release\netstandard2.1\blazor\linker\PruebaCrud.Shared.dll
obj\Release\netstandard2.1\blazor\linker\System.Collections.Immutable.dll
obj\Release\netstandard2.1\blazor\linker\System.ComponentModel.DataAnnotations.dll
obj\Release\netstandard2.1\blazor\linker\System.Core.dll
obj\Release\netstandard2.1\blazor\linker\System.Data.dll
obj\Release\netstandard2.1\blazor\linker\System.Diagnostics.DiagnosticSource.dll
obj\Release\netstandard2.1\blazor\linker\System.dll
obj\Release\netstandard2.1\blazor\linker\System.Net.Http.dll
obj\Release\netstandard2.1\blazor\linker\System.Numerics.dll
obj\Release\netstandard2.1\blazor\linker\System.Runtime.CompilerServices.Unsafe.dll
obj\Release\netstandard2.1\blazor\linker\System.Runtime.Serialization.dll
obj\Release\netstandard2.1\blazor\linker\System.ServiceModel.Internals.dll
obj\Release\netstandard2.1\blazor\linker\System.Text.Encodings.Web.dll
obj\Release\netstandard2.1\blazor\linker\System.Text.Json.dll
obj\Release\netstandard2.1\blazor\linker\System.Transactions.dll
obj\Release\netstandard2.1\blazor\linker\System.Xml.dll
obj\Release\netstandard2.1\blazor\linker\System.Xml.Linq.dll
obj\Release\netstandard2.1\blazor\linker\WebAssembly.Bindings.dll
obj\Release\netstandard2.1\blazor\linker\WebAssembly.Net.Http.dll
obj\Release\netstandard2.1\blazor\linker\Microsoft.Data.SqlClient.pdb
obj\Release\netstandard2.1\blazor\linker\PruebaCrud.Client.pdb
obj\Release\netstandard2.1\blazor\linker\PruebaCrud.Shared.pdb
